# JRE version: Java(TM) SE Runtime Environment (8.0_151-b12) (build 1.8.0_151-b12)
# Java VM: Java HotSpot(TM) 64-Bit Server VM (25.151-b12 mixed mode windows-amd64 compressed oops)
Heap:
 PSYoungGen      total 72704K, used 48062K [0x00000000eb180000, 0x00000000f4280000, 0x0000000100000000)
  eden space 64512K, 74% used [0x00000000eb180000,0x00000000ee06fa18,0x00000000ef080000)
  from space 8192K, 0% used [0x00000000ef080000,0x00000000ef080000,0x00000000ef880000)
  to   space 22528K, 0% used [0x00000000f2c80000,0x00000000f2c80000,0x00000000f4280000)
 ParOldGen       total 44032K, used 43693K [0x00000000c1400000, 0x00000000c3f00000, 0x00000000eb180000)
  object space 44032K, 99% used [0x00000000c1400000,0x00000000c3eab478,0x00000000c3f00000)
 Metaspace       used 6840K, capacity 7416K, committed 7680K, reserved 1056768K
  class space    used 654K, capacity 688K, committed 768K, reserved 1048576K
GC Heap History (10 events):
Event: 36.059 GC heap before
{Heap before GC invocations=11 (full 2):
 PSYoungGen      total 72704K, used 68090K [0x00000000eb180000, 0x00000000f4280000, 0x0000000100000000)
  eden space 64512K, 100% used [0x00000000eb180000,0x00000000ef080000,0x00000000ef080000)
  from space 8192K, 43% used [0x00000000ef080000,0x00000000ef3feb08,0x00000000ef880000)
  to   space 22528K, 0% used [0x00000000f2c80000,0x00000000f2c80000,0x00000000f4280000)
 ParOldGen       total 44032K, used 43981K [0x00000000c1400000, 0x00000000c3f00000, 0x00000000eb180000)
  object space 44032K, 99% used [0x00000000c1400000,0x00000000c3ef3700,0x00000000c3f00000)
 Metaspace       used 6711K, capacity 7320K, committed 7680K, reserved 1056768K
  class space    used 632K, capacity 656K, committed 768K, reserved 1048576K
Event: 37.020 GC heap after
Heap after GC invocations=11 (full 2):
 PSYoungGen      total 72704K, used 11734K [0x00000000eb180000, 0x00000000f4280000, 0x0000000100000000)
  eden space 64512K, 18% used [0x00000000eb180000,0x00000000ebcf5a68,0x00000000ef080000)
  from space 8192K, 0% used [0x00000000ef080000,0x00000000ef080000,0x00000000ef880000)
  to   space 22528K, 0% used [0x00000000f2c80000,0x00000000f2c80000,0x00000000f4280000)
 ParOldGen       total 44032K, used 44010K [0x00000000c1400000, 0x00000000c3f00000, 0x00000000eb180000)
  object space 44032K, 99% used [0x00000000c1400000,0x00000000c3efa828,0x00000000c3f00000)
 Metaspace       used 6711K, capacity 7320K, committed 7680K, reserved 1056768K
  class space    used 632K, capacity 656K, committed 768K, reserved 1048576K
}
Event: 38.301 GC heap before
{Heap before GC invocations=12 (full 3):
 PSYoungGen      total 72704K, used 64512K [0x00000000eb180000, 0x00000000f4280000, 0x0000000100000000)
  eden space 64512K, 100% used [0x00000000eb180000,0x00000000ef080000,0x00000000ef080000)
  from space 8192K, 0% used [0x00000000ef080000,0x00000000ef080000,0x00000000ef880000)
  to   space 22528K, 0% used [0x00000000f2c80000,0x00000000f2c80000,0x00000000f4280000)
 ParOldGen       total 44032K, used 44010K [0x00000000c1400000, 0x00000000c3f00000, 0x00000000eb180000)
  object space 44032K, 99% used [0x00000000c1400000,0x00000000c3efa828,0x00000000c3f00000)
 Metaspace       used 6819K, capacity 7352K, committed 7680K, reserved 1056768K
  class space    used 652K, capacity 688K, committed 768K, reserved 1048576K
Event: 39.558 GC heap after
Heap after GC invocations=12 (full 3):
 PSYoungGen      total 72704K, used 19165K [0x00000000eb180000, 0x00000000f4280000, 0x0000000100000000)
  eden space 64512K, 29% used [0x00000000eb180000,0x00000000ec437408,0x00000000ef080000)
  from space 8192K, 0% used [0x00000000ef080000,0x00000000ef080000,0x00000000ef880000)
  to   space 22528K, 0% used [0x00000000f2c80000,0x00000000f2c80000,0x00000000f4280000)
 ParOldGen       total 44032K, used 43920K [0x00000000c1400000, 0x00000000c3f00000, 0x00000000eb180000)
  object space 44032K, 99% used [0x00000000c1400000,0x00000000c3ee40f0,0x00000000c3f00000)
 Metaspace       used 6819K, capacity 7352K, committed 7680K, reserved 1056768K
  class space    used 652K, capacity 688K, committed 768K, reserved 1048576K
}
Event: 40.516 GC heap before
{Heap before GC invocations=13 (full 4):
 PSYoungGen      total 72704K, used 64512K [0x00000000eb180000, 0x00000000f4280000, 0x0000000100000000)
  eden space 64512K, 100% used [0x00000000eb180000,0x00000000ef080000,0x00000000ef080000)
  from space 8192K, 0% used [0x00000000ef080000,0x00000000ef080000,0x00000000ef880000)
  to   space 22528K, 0% used [0x00000000f2c80000,0x00000000f2c80000,0x00000000f4280000)
 ParOldGen       total 44032K, used 43920K [0x00000000c1400000, 0x00000000c3f00000, 0x00000000eb180000)
  object space 44032K, 99% used [0x00000000c1400000,0x00000000c3ee40f0,0x00000000c3f00000)
 Metaspace       used 6827K, capacity 7352K, committed 7680K, reserved 1056768K
  class space    used 652K, capacity 688K, committed 768K, reserved 1048576K
Event: 41.716 GC heap after
Heap after GC invocations=13 (full 4):
 PSYoungGen      total 72704K, used 24700K [0x00000000eb180000, 0x00000000f4280000, 0x0000000100000000)
  eden space 64512K, 38% used [0x00000000eb180000,0x00000000ec99f100,0x00000000ef080000)
  from space 8192K, 0% used [0x00000000ef080000,0x00000000ef080000,0x00000000ef880000)
  to   space 22528K, 0% used [0x00000000f2c80000,0x00000000f2c80000,0x00000000f4280000)
 ParOldGen       total 44032K, used 43665K [0x00000000c1400000, 0x00000000c3f00000, 0x00000000eb180000)
  object space 44032K, 99% used [0x00000000c1400000,0x00000000c3ea4628,0x00000000c3f00000)
 Metaspace       used 6827K, capacity 7352K, committed 7680K, reserved 1056768K
  class space    used 652K, capacity 688K, committed 768K, reserved 1048576K
}
Event: 42.844 GC heap before
{Heap before GC invocations=14 (full 5):
 PSYoungGen      total 72704K, used 64512K [0x00000000eb180000, 0x00000000f4280000, 0x0000000100000000)
  eden space 64512K, 100% used [0x00000000eb180000,0x00000000ef080000,0x00000000ef080000)
  from space 8192K, 0% used [0x00000000ef080000,0x00000000ef080000,0x00000000ef880000)
  to   space 22528K, 0% used [0x00000000f2c80000,0x00000000f2c80000,0x00000000f4280000)
 ParOldGen       total 44032K, used 43665K [0x00000000c1400000, 0x00000000c3f00000, 0x00000000eb180000)
  object space 44032K, 99% used [0x00000000c1400000,0x00000000c3ea4628,0x00000000c3f00000)
 Metaspace       used 6828K, capacity 7352K, committed 7680K, reserved 1056768K
  class space    used 652K, capacity 688K, committed 768K, reserved 1048576K
Event: 47.261 GC heap after
Heap after GC invocations=14 (full 5):
 PSYoungGen      total 72704K, used 30757K [0x00000000eb180000, 0x00000000f4280000, 0x0000000100000000)
  eden space 64512K, 47% used [0x00000000eb180000,0x00000000ecf895f8,0x00000000ef080000)
  from space 8192K, 0% used [0x00000000ef080000,0x00000000ef080000,0x00000000ef880000)
  to   space 22528K, 0% used [0x00000000f2c80000,0x00000000f2c80000,0x00000000f4280000)
 ParOldGen       total 44032K, used 43693K [0x00000000c1400000, 0x00000000c3f00000, 0x00000000eb180000)
  object space 44032K, 99% used [0x00000000c1400000,0x00000000c3eab478,0x00000000c3f00000)
 Metaspace       used 6828K, capacity 7352K, committed 7680K, reserved 1056768K
  class space    used 652K, capacity 688K, committed 768K, reserved 1048576K
}
Event: 48.176 GC heap before
{Heap before GC invocations=15 (full 6):
 PSYoungGen      total 72704K, used 64512K [0x00000000eb180000, 0x00000000f4280000, 0x0000000100000000)
  eden space 64512K, 100% used [0x00000000eb180000,0x00000000ef080000,0x00000000ef080000)
  from space 8192K, 0% used [0x00000000ef080000,0x00000000ef080000,0x00000000ef880000)
  to   space 22528K, 0% used [0x00000000f2c80000,0x00000000f2c80000,0x00000000f4280000)
 ParOldGen       total 44032K, used 43693K [0x00000000c1400000, 0x00000000c3f00000, 0x00000000eb180000)
  object space 44032K, 99% used [0x00000000c1400000,0x00000000c3eab478,0x00000000c3f00000)
 Metaspace       used 6831K, capacity 7416K, committed 7680K, reserved 1056768K
  class space    used 653K, capacity 688K, committed 768K, reserved 1048576K
Event: 49.067 GC heap after
Heap after GC invocations=15 (full 6):
 PSYoungGen      total 72704K, used 35609K [0x00000000eb180000, 0x00000000f4280000, 0x0000000100000000)
  eden space 64512K, 55% used [0x00000000eb180000,0x00000000ed4467f0,0x00000000ef080000)
  from space 8192K, 0% used [0x00000000ef080000,0x00000000ef080000,0x00000000ef880000)
  to   space 22528K, 0% used [0x00000000f2c80000,0x00000000f2c80000,0x00000000f4280000)
 ParOldGen       total 44032K, used 43693K [0x00000000c1400000, 0x00000000c3f00000, 0x00000000eb180000)
  object space 44032K, 99% used [0x00000000c1400000,0x00000000c3eab478,0x00000000c3f00000)
 Metaspace       used 6831K, capacity 7416K, committed 7680K, reserved 1056768K
  class space    used 653K, capacity 688K, committed 768K, reserved 1048576K
}

